0 info it worked if it ends with ok
1 verbose cli [ 'node', '/usr/local/bin/npm', 'install', 'hexo-rendere-ejs' ]
2 info using npm@1.4.28
3 info using node@v0.10.32
4 verbose readDependencies using package.json deps
5 verbose cache add [ 'hexo-rendere-ejs', null ]
6 verbose cache add name=undefined spec="hexo-rendere-ejs" args=["hexo-rendere-ejs",null]
7 verbose parsed url { protocol: null,
7 verbose parsed url   slashes: null,
7 verbose parsed url   auth: null,
7 verbose parsed url   host: null,
7 verbose parsed url   port: null,
7 verbose parsed url   hostname: null,
7 verbose parsed url   hash: null,
7 verbose parsed url   search: null,
7 verbose parsed url   query: null,
7 verbose parsed url   pathname: 'hexo-rendere-ejs',
7 verbose parsed url   path: 'hexo-rendere-ejs',
7 verbose parsed url   href: 'hexo-rendere-ejs' }
8 silly lockFile 38b8551c-hexo-rendere-ejs hexo-rendere-ejs
9 verbose lock hexo-rendere-ejs /Users/Tyler/.npm/38b8551c-hexo-rendere-ejs.lock
10 silly lockFile 38b8551c-hexo-rendere-ejs hexo-rendere-ejs
11 silly lockFile 38b8551c-hexo-rendere-ejs hexo-rendere-ejs
12 verbose addNamed [ 'hexo-rendere-ejs', '' ]
13 verbose addNamed [ null, '*' ]
14 silly lockFile 84f6a71f-hexo-rendere-ejs hexo-rendere-ejs@
15 verbose lock hexo-rendere-ejs@ /Users/Tyler/.npm/84f6a71f-hexo-rendere-ejs.lock
16 silly addNameRange { name: 'hexo-rendere-ejs', range: '*', hasData: false }
17 verbose request where is /hexo-rendere-ejs
18 verbose request registry https://registry.npmjs.org/
19 verbose request id 56a47975f89914b7
20 verbose url raw /hexo-rendere-ejs
21 verbose url resolving [ 'https://registry.npmjs.org/', './hexo-rendere-ejs' ]
22 verbose url resolved https://registry.npmjs.org/hexo-rendere-ejs
23 verbose request where is https://registry.npmjs.org/hexo-rendere-ejs
24 info trying registry request attempt 1 at 13:29:52
25 http GET https://registry.npmjs.org/hexo-rendere-ejs
26 http 404 https://registry.npmjs.org/hexo-rendere-ejs
27 verbose headers { date: 'Wed, 08 Oct 2014 05:29:53 GMT',
27 verbose headers   server: 'CouchDB/1.5.0 (Erlang OTP/R16B03)',
27 verbose headers   'content-type': 'application/json',
27 verbose headers   'cache-control': 'max-age=0',
27 verbose headers   'content-length': '52',
27 verbose headers   'accept-ranges': 'bytes',
27 verbose headers   via: '1.1 varnish',
27 verbose headers   age: '0',
27 verbose headers   'x-served-by': 'cache-lax1424-LAX',
27 verbose headers   'x-cache': 'MISS',
27 verbose headers   'x-cache-hits': '0',
27 verbose headers   'x-timer': 'S1412746193.954440,VS0,VE42',
27 verbose headers   'keep-alive': 'timeout=10, max=50',
27 verbose headers   connection: 'Keep-Alive' }
28 silly registry.get cb [ 404,
28 silly registry.get   { date: 'Wed, 08 Oct 2014 05:29:53 GMT',
28 silly registry.get     server: 'CouchDB/1.5.0 (Erlang OTP/R16B03)',
28 silly registry.get     'content-type': 'application/json',
28 silly registry.get     'cache-control': 'max-age=0',
28 silly registry.get     'content-length': '52',
28 silly registry.get     'accept-ranges': 'bytes',
28 silly registry.get     via: '1.1 varnish',
28 silly registry.get     age: '0',
28 silly registry.get     'x-served-by': 'cache-lax1424-LAX',
28 silly registry.get     'x-cache': 'MISS',
28 silly registry.get     'x-cache-hits': '0',
28 silly registry.get     'x-timer': 'S1412746193.954440,VS0,VE42',
28 silly registry.get     'keep-alive': 'timeout=10, max=50',
28 silly registry.get     connection: 'Keep-Alive' } ]
29 silly lockFile 84f6a71f-hexo-rendere-ejs hexo-rendere-ejs@
30 silly lockFile 84f6a71f-hexo-rendere-ejs hexo-rendere-ejs@
31 error 404 404 Not Found: hexo-rendere-ejs
31 error 404
31 error 404 'hexo-rendere-ejs' is not in the npm registry.
31 error 404 You should bug the author to publish it
31 error 404 It was specified as a dependency of 'hexo-site'
31 error 404
31 error 404 Note that you can also install from a
31 error 404 tarball, folder, or http url, or git url.
32 error System Darwin 13.4.0
33 error command "node" "/usr/local/bin/npm" "install" "hexo-rendere-ejs"
34 error cwd /Users/Tyler/AbsZone/Sanctuary
35 error node -v v0.10.32
36 error npm -v 1.4.28
37 error code E404
38 verbose exit [ 1, true ]
